<?xml version="1.0" encoding="UTF-8"?>
<testsuite name="quantitymeasurementtdd.QuantityMeasurementExceptionTest" tests="1" skipped="0" failures="0" errors="0" timestamp="2020-09-04T23:19:03" hostname="Sendo" time="0.0">
  <properties/>
  <testcase name="givenNullValue_ShouldThrowNullPointerException" classname="quantitymeasurementtdd.QuantityMeasurementExceptionTest" time="0.0"/>
  <system-out><![CDATA[]]></system-out>
  <system-err><![CDATA[]]></system-err>
</testsuite>
