<?xml version="1.0" encoding="UTF-8"?>
<testsuite name="quantitymeasurementtdd.QuantityMeasurementTest" tests="2" skipped="0" failures="0" errors="0" timestamp="2020-08-31T22:41:27" hostname="Sendo" time="0.002">
  <properties/>
  <testcase name="givenLengthInFeetAndInches_WhenCompared_ShouldReturnFasleIfIncorrect" classname="quantitymeasurementtdd.QuantityMeasurementTest" time="0.001"/>
  <testcase name="givenLengthInFeetAndInches_WhenCompared_ShouldReturnTrueIfCorrect" classname="quantitymeasurementtdd.QuantityMeasurementTest" time="0.0"/>
  <system-out><![CDATA[]]></system-out>
  <system-err><![CDATA[]]></system-err>
</testsuite>
